-------------------------------------------------------------------------------
Test set: MusicLab API Automation Testing Capstone Project #1
-------------------------------------------------------------------------------
Tests run: 10, Failures: 1, Errors: 0, Skipped: 0, Time elapsed: 6.823 s <<< FAILURE! - in MusicLab API Automation Testing Capstone Project #1
MusicLab API Automation Testing Capstone Project #1.Delete a class  Time elapsed: 0.633 s  <<< FAILURE!
java.lang.AssertionError: 
1 expectation failed.
Expected status code <200> but was <404>.


