-------------------------------------------------------------------------------
Test set: MusicLab API Automation Testing Capstone Project #2
-------------------------------------------------------------------------------
Tests run: 8, Failures: 2, Errors: 0, Skipped: 0, Time elapsed: 4.71 s <<< FAILURE! - in MusicLab API Automation Testing Capstone Project #2
MusicLab API Automation Testing Capstone Project #2.Deactive student  Time elapsed: 0.501 s  <<< FAILURE!
java.lang.AssertionError: 
1 expectation failed.
Expected status code <200> but was <500>.


MusicLab API Automation Testing Capstone Project #2.Put or edit student password with valid parameters  Time elapsed: 1.683 s  <<< FAILURE!
java.lang.AssertionError: 
1 expectation failed.
Expected status code <200> but was <400>.


