-------------------------------------------------------------------------------
Test set: Register mentor
-------------------------------------------------------------------------------
Tests run: 4, Failures: 1, Errors: 0, Skipped: 0, Time elapsed: 3.383 s <<< FAILURE! - in Register mentor
Register mentor.Register mentor with existing json  Time elapsed: 0.463 s  <<< FAILURE!
java.lang.AssertionError: 
1 expectation failed.
Expected status code <500> but was <400>.


