<?xml version="1.0" encoding="UTF-8"?><testsuite errors="0" failures="1" name="MusicLab API Automation Testing Capstone Project" skipped="0" tests="18" time="11.34" timestamp="2023-04-06 09:14:25"><testcase name="Post to make a class with valid parameters of json file"/><testcase name="Post to make a class with invalid parameters of json file"/><testcase name="Post to make a class with null parameter"/><testcase name="Get all class by ID Mentor valid"/><testcase name="Get all class by ID Mentor invalid"/><testcase name="Get mentor class detail"/><testcase name="Put or edit a class valid json all parameters"/><testcase name="Put or edit a class one parameter"/><testcase name="Put or edit a class null parameter"/><testcase name="Delete a class"><failure message="1 expectation failed.&#10;Expected status code &lt;200&gt; but was &lt;404&gt;.&#10;" type="java.lang.AssertionError">1 expectation failed.
Expected status code &lt;200&gt; but was &lt;404&gt;.
</failure><system-err>1 expectation failed.
Expected status code &lt;200&gt; but was &lt;404&gt;.
&#13;
io.restassured.internal.ResponseSpecificationImpl.validateResponseIfRequired(ResponseSpecificationImpl.groovy:674)&#13;
io.restassured.internal.ResponseSpecificationImpl.statusCode(ResponseSpecificationImpl.groovy:126)&#13;
io.restassured.internal.ResponseSpecificationImpl.statusCode(ResponseSpecificationImpl.groovy:134)&#13;
io.restassured.internal.ValidatableResponseOptionsImpl.statusCode(ValidatableResponseOptionsImpl.java:89)&#13;
io.restassured.internal.ValidatableResponseImpl.super$2$statusCode(ValidatableResponseImpl.groovy)&#13;
groovy.lang.MetaMethod.doMethodInvoke(MetaMethod.java:323)&#13;
groovy.lang.MetaClassImpl.invokeMethod(MetaClassImpl.java:1267)&#13;
io.restassured.internal.ValidatableResponseImpl.statusCode(ValidatableResponseImpl.groovy:142)&#13;
io.restassured.internal.ValidatableResponseImpl.statusCode(ValidatableResponseImpl.groovy)&#13;
MusicLab.StepDefinitions.Class.ClassStepdef.statusCodeShouldBeOK(ClassStepdef.java:33)&#13;
âœ½.Status code should be 200 OK class(classpath:features/Cucumber/Class/ClassFeature.feature:69)&#13;
</system-err></testcase><testcase name="Get student data"/><testcase name="Put or edit student profile with valid parameters"/><testcase name="Put or edit student profile with invalid parameters"/><testcase name="Put or edit a class null parameter"/><testcase name="Deactive student"/><testcase name="Put or edit student password with valid parameters"/><testcase name="Put or edit student password with invalid parameters"/><testcase name="Put or edit student password null parameter"/></testsuite>