<?xml version="1.0" encoding="UTF-8"?><testsuite errors="1" failures="1" name="[MusicLab-API] Delete Feature Instrument" skipped="0" tests="4" time="1.39" timestamp="2023-04-04 09:48:43"><testcase name="[Negative Case] Delete Instruments Valid ID No Auth"/><testcase name="[Negative Case] Delete Instruments Invalid ID"><failure message="1 expectation failed.&#10;Expected status code &lt;404&gt; but was &lt;400&gt;.&#10;" type="java.lang.AssertionError">1 expectation failed.
Expected status code &lt;404&gt; but was &lt;400&gt;.
</failure><system-err>1 expectation failed.
Expected status code &lt;404&gt; but was &lt;400&gt;.
&#13;
io.restassured.internal.ResponseSpecificationImpl.validateResponseIfRequired(ResponseSpecificationImpl.groovy:674)&#13;
io.restassured.internal.ResponseSpecificationImpl.statusCode(ResponseSpecificationImpl.groovy:126)&#13;
io.restassured.internal.ResponseSpecificationImpl.statusCode(ResponseSpecificationImpl.groovy:134)&#13;
io.restassured.internal.ValidatableResponseOptionsImpl.statusCode(ValidatableResponseOptionsImpl.java:89)&#13;
io.restassured.internal.ValidatableResponseImpl.super$2$statusCode(ValidatableResponseImpl.groovy)&#13;
groovy.lang.MetaMethod.doMethodInvoke(MetaMethod.java:323)&#13;
groovy.lang.MetaClassImpl.invokeMethod(MetaClassImpl.java:1267)&#13;
io.restassured.internal.ValidatableResponseImpl.statusCode(ValidatableResponseImpl.groovy:142)&#13;
io.restassured.internal.ValidatableResponseImpl.statusCode(ValidatableResponseImpl.groovy)&#13;
MusicLab.StepDefinitions.Instrument.DeleteInstrumentStepDef.statusCodeShouldBeNotFound(DeleteInstrumentStepDef.java:54)&#13;
âœ½.Status code should be 404 Not Found(classpath:features/Cucumber/Instrument/DeleteInstrumentNegativeCase.feature:12)&#13;
</system-err></testcase><testcase name="[Negative Case] Delete Instruments Blank ID"><error message="Step [Delete instrument with blank ID {}] is defined with 0 parameters at 'MusicLab.StepDefinitions.Instrument.DeleteInstrumentStepDef.deleteInstrumentWithBlankId()'.&#10;However, the gherkin step has 1 arguments:&#10; * blank&#10;Step text: Delete instrument with blank ID blank" type="io.cucumber.core.exception.CucumberException">Step [Delete instrument with blank ID {}] is defined with 0 parameters at 'MusicLab.StepDefinitions.Instrument.DeleteInstrumentStepDef.deleteInstrumentWithBlankId()'.
However, the gherkin step has 1 arguments:
 * blank
Step text: Delete instrument with blank ID blank</error><system-err>Step [Delete instrument with blank ID {}] is defined with 0 parameters at 'MusicLab.StepDefinitions.Instrument.DeleteInstrumentStepDef.deleteInstrumentWithBlankId()'.
However, the gherkin step has 1 arguments:
 * blank
Step text: Delete instrument with blank ID blank&#13;
io.cucumber.core.runner.PickleStepDefinitionMatch.arityMismatch(PickleStepDefinitionMatch.java:83)&#13;
io.cucumber.core.runner.PickleStepDefinitionMatch.runStep(PickleStepDefinitionMatch.java:42)&#13;
io.cucumber.core.runner.TestStep.executeStep(TestStep.java:92)&#13;
io.cucumber.core.runner.TestStep.run(TestStep.java:64)&#13;
io.cucumber.core.runner.PickleStepTestStep.run(PickleStepTestStep.java:51)&#13;
io.cucumber.core.runner.TestCase.run(TestCase.java:104)&#13;
io.cucumber.core.runner.Runner.runPickle(Runner.java:73)&#13;
io.cucumber.junit.FeatureRunner.runChild(FeatureRunner.java:135)&#13;
io.cucumber.junit.FeatureRunner.runChild(FeatureRunner.java:27)&#13;
io.cucumber.junit.CucumberSerenityRunner.runChild(CucumberSerenityRunner.java:258)&#13;
io.cucumber.junit.CucumberSerenityRunner.runChild(CucumberSerenityRunner.java:57)&#13;
</system-err></testcase><testcase name="[Positive Case] Delete Instruments Valid ID"/></testsuite>